<?xml version="1.0" encoding="UTF-8"?>
<!-- Generated by org.testng.reporters.JUnitReportReporter -->
<testsuite hostname="DESKTOP-FMAL1T2" failures="0" tests="1" name="testCases.TC002_LoginTest" time="1.884" errors="0" timestamp="2024-10-17T19:47:52 IST" skipped="0">
  <testcase classname="testCases.TC002_LoginTest" name="verify_login" time="1.884"/>
</testsuite> <!-- testCases.TC002_LoginTest -->
